<?xml version="1.0" encoding="UTF-8"?>
<!-- Generated by org.testng.reporters.JUnitXMLReporter -->
<testsuite ignored="3" hostname="LAPTOP-VARHNTM8" failures="0" tests="0" time="0.302" errors="0" timestamp="2023-02-13T15:16:08 IST">
  <testcase classname="com.mohs10.scripts.HomeTest" name="chorme" time="0.0">
    <ignored/>
  </testcase> <!-- chorme -->
  <testcase classname="com.mohs10.scripts.HomeTest" name="firefox" time="0.0">
    <ignored/>
  </testcase> <!-- firefox -->
  <testcase classname="com.mohs10.scripts.HomeTest" name="edge" time="0.0">
    <ignored/>
  </testcase> <!-- edge -->
</testsuite>
