<?xml version="1.0" encoding="UTF-8"?>
<testng-results ignored="0" total="2" passed="2" failed="0" skipped="0">
  <reporter-output>
  </reporter-output>
  <suite started-at="2023-06-21T17:10:40 IST" name="Suite" finished-at="2023-06-21T17:11:40 IST" duration-ms="59342">
    <groups>
    </groups>
    <test started-at="2023-06-21T17:10:40 IST" name="Test" finished-at="2023-06-21T17:11:40 IST" duration-ms="59342">
      <class name="com.mohs10.Report.PDFReportTest">
        <test-method is-config="true" signature="generateReport()[pri:0, instance:com.mohs10.Report.PDFReportTest@3c22fc4c]" started-at="2023-06-21T17:10:40 IST" name="generateReport" finished-at="2023-06-21T17:10:41 IST" duration-ms="397" status="PASS">
          <reporter-output>
          </reporter-output>
        </test-method> <!-- generateReport -->
        <test-method is-config="true" signature="beforeClass()[pri:0, instance:com.mohs10.Report.PDFReportTest@3c22fc4c]" started-at="2023-06-21T17:11:33 IST" name="beforeClass" finished-at="2023-06-21T17:11:37 IST" duration-ms="3748" status="PASS">
          <reporter-output>
          </reporter-output>
        </test-method> <!-- beforeClass -->
        <test-method signature="PDFreports()[pri:0, instance:com.mohs10.Report.PDFReportTest@3c22fc4c]" started-at="2023-06-21T17:11:37 IST" name="PDFreports" finished-at="2023-06-21T17:11:39 IST" duration-ms="2364" status="PASS">
          <reporter-output>
          </reporter-output>
        </test-method> <!-- PDFreports -->
        <test-method is-config="true" signature="methodName(java.lang.reflect.Method)[pri:0, instance:com.mohs10.Report.PDFReportTest@3c22fc4c]" started-at="2023-06-21T17:11:37 IST" name="methodName" finished-at="2023-06-21T17:11:37 IST" duration-ms="0" status="PASS">
          <params>
            <param index="0">
              <value>
                <![CDATA[public void com.mohs10.Report.PDFReportTest.PDFreports() throws java.io.IOException,java.lang.InterruptedException]]>
              </value>
            </param>
          </params>
          <reporter-output>
          </reporter-output>
        </test-method> <!-- methodName -->
        <test-method is-config="true" signature="afterClass()[pri:0, instance:com.mohs10.Report.PDFReportTest@3c22fc4c]" started-at="2023-06-21T17:11:39 IST" name="afterClass" finished-at="2023-06-21T17:11:40 IST" duration-ms="554" status="PASS">
          <reporter-output>
          </reporter-output>
        </test-method> <!-- afterClass -->
      </class> <!-- com.mohs10.Report.PDFReportTest -->
      <class name="com.mohs10.scripts.HomeTest">
        <test-method is-config="true" signature="generateReport()[pri:0, instance:com.mohs10.scripts.HomeTest@1534f01b]" started-at="2023-06-21T17:10:41 IST" name="generateReport" finished-at="2023-06-21T17:10:41 IST" duration-ms="1" status="PASS">
          <reporter-output>
          </reporter-output>
        </test-method> <!-- generateReport -->
        <test-method is-config="true" signature="methodName(java.lang.reflect.Method)[pri:0, instance:com.mohs10.scripts.HomeTest@1534f01b]" started-at="2023-06-21T17:10:41 IST" name="methodName" finished-at="2023-06-21T17:10:41 IST" duration-ms="12" status="PASS">
          <params>
            <param index="0">
              <value>
                <![CDATA[public void com.mohs10.scripts.HomeTest.chrome() throws java.lang.Exception]]>
              </value>
            </param>
          </params>
          <reporter-output>
          </reporter-output>
        </test-method> <!-- methodName -->
        <test-method signature="chrome()[pri:0, instance:com.mohs10.scripts.HomeTest@1534f01b]" started-at="2023-06-21T17:10:41 IST" name="chrome" finished-at="2023-06-21T17:11:33 IST" duration-ms="52214" status="PASS">
          <reporter-output>
          </reporter-output>
        </test-method> <!-- chrome -->
      </class> <!-- com.mohs10.scripts.HomeTest -->
    </test> <!-- Test -->
  </suite> <!-- Suite -->
</testng-results>
