<?xml version="1.0" encoding="UTF-8"?>
<!-- Generated by org.testng.reporters.JUnitXMLReporter -->
<testsuite ignored="1" hostname="LAPTOP-VARHNTM8" failures="0" tests="2" name="chromeTest" time="89.921" errors="0" timestamp="2023-02-13T16:25:45 IST">
  <testcase classname="com.mohs10.scripts.HomeTest" name="chrome" time="40.201"/>
  <testcase classname="com.mohs10.scripts.HomeTest" name="edge" time="49.407"/>
  <testcase classname="com.mohs10.scripts.HomeTest" name="firefox" time="0.0">
    <ignored/>
  </testcase> <!-- firefox -->
</testsuite> <!-- chromeTest -->
