<?xml version="1.0" encoding="UTF-8"?>
<!-- Generated by org.testng.reporters.JUnitXMLReporter -->
<testsuite ignored="2" hostname="LAPTOP-VARHNTM8" failures="0" tests="1" name="edgeTest" time="59.498" errors="0" timestamp="2023-02-13T16:12:06 IST">
  <testcase classname="com.mohs10.scripts.HomeTest" name="edge" time="59.153"/>
  <testcase classname="com.mohs10.scripts.HomeTest" name="firefox" time="0.0">
    <ignored/>
  </testcase> <!-- firefox -->
  <testcase classname="com.mohs10.scripts.HomeTest" name="chrome" time="0.0">
    <ignored/>
  </testcase> <!-- chrome -->
</testsuite> <!-- edgeTest -->
