<?xml version="1.0" encoding="UTF-8"?>
<testng-results ignored="0" total="2" passed="2" failed="0" skipped="0">
  <reporter-output>
  </reporter-output>
  <suite started-at="2023-06-21T17:03:34 IST" name="Suite" finished-at="2023-06-21T17:04:42 IST" duration-ms="67311">
    <groups>
    </groups>
    <test started-at="2023-06-21T17:03:34 IST" name="Test" finished-at="2023-06-21T17:04:42 IST" duration-ms="67311">
      <class name="com.mohs10.Report.PDFReportTest">
        <test-method is-config="true" signature="generateReport()[pri:0, instance:com.mohs10.Report.PDFReportTest@399f45b1]" started-at="2023-06-21T17:03:34 IST" name="generateReport" finished-at="2023-06-21T17:03:35 IST" duration-ms="309" status="PASS">
          <reporter-output>
          </reporter-output>
        </test-method> <!-- generateReport -->
        <test-method is-config="true" signature="beforeClass()[pri:0, instance:com.mohs10.Report.PDFReportTest@399f45b1]" started-at="2023-06-21T17:04:34 IST" name="beforeClass" finished-at="2023-06-21T17:04:37 IST" duration-ms="2754" status="PASS">
          <reporter-output>
          </reporter-output>
        </test-method> <!-- beforeClass -->
        <test-method signature="PDFreports()[pri:0, instance:com.mohs10.Report.PDFReportTest@399f45b1]" started-at="2023-06-21T17:04:37 IST" name="PDFreports" finished-at="2023-06-21T17:04:41 IST" duration-ms="4644" status="PASS">
          <reporter-output>
          </reporter-output>
        </test-method> <!-- PDFreports -->
        <test-method is-config="true" signature="methodName(java.lang.reflect.Method)[pri:0, instance:com.mohs10.Report.PDFReportTest@399f45b1]" started-at="2023-06-21T17:04:37 IST" name="methodName" finished-at="2023-06-21T17:04:37 IST" duration-ms="0" status="PASS">
          <params>
            <param index="0">
              <value>
                <![CDATA[public void com.mohs10.Report.PDFReportTest.PDFreports() throws java.io.IOException,java.lang.InterruptedException]]>
              </value>
            </param>
          </params>
          <reporter-output>
          </reporter-output>
        </test-method> <!-- methodName -->
        <test-method is-config="true" signature="afterClass()[pri:0, instance:com.mohs10.Report.PDFReportTest@399f45b1]" started-at="2023-06-21T17:04:41 IST" name="afterClass" finished-at="2023-06-21T17:04:42 IST" duration-ms="434" status="PASS">
          <reporter-output>
          </reporter-output>
        </test-method> <!-- afterClass -->
      </class> <!-- com.mohs10.Report.PDFReportTest -->
      <class name="com.mohs10.scripts.HomeTest">
        <test-method is-config="true" signature="generateReport()[pri:0, instance:com.mohs10.scripts.HomeTest@6c64cb25]" started-at="2023-06-21T17:03:35 IST" name="generateReport" finished-at="2023-06-21T17:03:35 IST" duration-ms="1" status="PASS">
          <reporter-output>
          </reporter-output>
        </test-method> <!-- generateReport -->
        <test-method is-config="true" signature="methodName(java.lang.reflect.Method)[pri:0, instance:com.mohs10.scripts.HomeTest@6c64cb25]" started-at="2023-06-21T17:03:35 IST" name="methodName" finished-at="2023-06-21T17:03:35 IST" duration-ms="5" status="PASS">
          <params>
            <param index="0">
              <value>
                <![CDATA[public void com.mohs10.scripts.HomeTest.chrome() throws java.lang.Exception]]>
              </value>
            </param>
          </params>
          <reporter-output>
          </reporter-output>
        </test-method> <!-- methodName -->
        <test-method signature="chrome()[pri:0, instance:com.mohs10.scripts.HomeTest@6c64cb25]" started-at="2023-06-21T17:03:35 IST" name="chrome" finished-at="2023-06-21T17:04:34 IST" duration-ms="59113" status="PASS">
          <reporter-output>
          </reporter-output>
        </test-method> <!-- chrome -->
      </class> <!-- com.mohs10.scripts.HomeTest -->
    </test> <!-- Test -->
  </suite> <!-- Suite -->
</testng-results>
